<?xml version="1.0" encoding="UTF-8"?>
<!-- Generated by org.testng.reporters.JUnitReportReporter -->
<testsuite hostname="AsusM" failures="0" tests="1" name="RestAssured_Tasks.Get_Method" time="4.583" errors="0" timestamp="2022-11-14T03:45:47 EST" skipped="0">
  <testcase classname="RestAssured_Tasks.Get_Method" name="f" time="4.583"/>
  <system-out/>
</testsuite> <!-- RestAssured_Tasks.Get_Method -->
