<?xml version="1.0" encoding="UTF-8"?>
<!-- Generated by org.testng.reporters.JUnitReportReporter -->
<testsuite hostname="AsusM" failures="0" tests="1" name="TestNGPackages.Expedia_TestNG" time="5.755" errors="0" timestamp="2022-11-14T03:20:54 EST" skipped="0">
  <testcase classname="TestNGPackages.Expedia_TestNG" name="Purchase_Ticket" time="5.755"/>
  <system-out/>
</testsuite> <!-- TestNGPackages.Expedia_TestNG -->
