<?xml version="1.0" encoding="UTF-8"?>
<!-- Generated by org.testng.reporters.JUnitReportReporter -->
<testsuite hostname="AsusM" failures="0" tests="1" name="RestAssured_Tasks.PostMethod" time="4.733" errors="0" timestamp="2022-11-14T04:05:55 EST" skipped="0">
  <testcase classname="RestAssured_Tasks.PostMethod" name="f" time="4.733"/>
  <system-out/>
</testsuite> <!-- RestAssured_Tasks.PostMethod -->
